TN:
SF:F:\JavaProgs\temp\Vuemmerce\src\App.vue
FNF:0
FNH:0
DA:14,0
DA:15,0
DA:16,0
DA:17,0
DA:18,0
LF:5
LH:0
BRF:0
BRH:0
end_of_record
TN:
SF:F:\JavaProgs\temp\Vuemmerce\src\filters.js
FN:1,getByTitle
FN:4,(anonymous_1)
FNF:2
FNH:0
FNDA:0,getByTitle
FNDA:0,(anonymous_1)
DA:2,0
DA:3,0
DA:4,0
LF:3
LH:0
BRDA:3,0,0,0
BRDA:3,0,1,0
BRF:2
BRH:0
end_of_record
TN:
SF:F:\JavaProgs\temp\Vuemmerce\src\router.js
FNF:0
FNH:0
DA:12,2
LF:1
LH:1
BRF:0
BRH:0
end_of_record
TN:
SF:F:\JavaProgs\temp\Vuemmerce\src\store.js
FN:10,(anonymous_0)
FN:10,(anonymous_1)
FN:11,(anonymous_2)
FN:15,(anonymous_3)
FN:18,(anonymous_4)
FN:19,(anonymous_5)
FN:23,(anonymous_6)
FN:24,(anonymous_7)
FN:28,(anonymous_8)
FN:28,(anonymous_9)
FN:29,(anonymous_10)
FN:32,(anonymous_11)
FN:35,(anonymous_12)
FN:38,(anonymous_13)
FN:42,(anonymous_14)
FN:43,(anonymous_15)
FN:45,(anonymous_16)
FN:48,(anonymous_17)
FN:51,(anonymous_18)
FN:55,(anonymous_19)
FN:61,(anonymous_20)
FN:62,(anonymous_21)
FN:68,(anonymous_22)
FN:69,(anonymous_23)
FN:75,(anonymous_24)
FN:76,(anonymous_25)
FN:82,(anonymous_26)
FN:83,(anonymous_27)
FN:88,(anonymous_28)
FN:91,(anonymous_29)
FN:94,(anonymous_30)
FN:98,(anonymous_31)
FN:102,(anonymous_32)
FN:105,(anonymous_33)
FN:109,(anonymous_34)
FN:112,(anonymous_35)
FN:115,(anonymous_36)
FN:118,(anonymous_37)
FN:119,(anonymous_38)
FN:125,(anonymous_39)
FN:126,(anonymous_40)
FN:132,(anonymous_41)
FN:133,(anonymous_42)
FNF:43
FNH:4
FNDA:0,(anonymous_0)
FNDA:0,(anonymous_1)
FNDA:0,(anonymous_2)
FNDA:1,(anonymous_3)
FNDA:0,(anonymous_4)
FNDA:0,(anonymous_5)
FNDA:0,(anonymous_6)
FNDA:0,(anonymous_7)
FNDA:0,(anonymous_8)
FNDA:0,(anonymous_9)
FNDA:0,(anonymous_10)
FNDA:0,(anonymous_11)
FNDA:0,(anonymous_12)
FNDA:0,(anonymous_13)
FNDA:10,(anonymous_14)
FNDA:1,(anonymous_15)
FNDA:0,(anonymous_16)
FNDA:0,(anonymous_17)
FNDA:0,(anonymous_18)
FNDA:0,(anonymous_19)
FNDA:0,(anonymous_20)
FNDA:0,(anonymous_21)
FNDA:0,(anonymous_22)
FNDA:0,(anonymous_23)
FNDA:0,(anonymous_24)
FNDA:0,(anonymous_25)
FNDA:0,(anonymous_26)
FNDA:0,(anonymous_27)
FNDA:0,(anonymous_28)
FNDA:0,(anonymous_29)
FNDA:0,(anonymous_30)
FNDA:10,(anonymous_31)
FNDA:0,(anonymous_32)
FNDA:0,(anonymous_33)
FNDA:0,(anonymous_34)
FNDA:0,(anonymous_35)
FNDA:0,(anonymous_36)
FNDA:0,(anonymous_37)
FNDA:0,(anonymous_38)
FNDA:0,(anonymous_39)
FNDA:0,(anonymous_40)
FNDA:0,(anonymous_41)
FNDA:0,(anonymous_42)
DA:4,2
DA:10,0
DA:11,0
DA:16,1
DA:19,0
DA:20,0
DA:24,0
DA:25,0
DA:28,0
DA:29,0
DA:33,0
DA:36,0
DA:39,0
DA:42,10
DA:43,1
DA:46,0
DA:49,0
DA:52,0
DA:56,0
DA:62,0
DA:63,0
DA:64,0
DA:69,0
DA:70,0
DA:71,0
DA:76,0
DA:77,0
DA:78,0
DA:83,0
DA:84,0
DA:89,0
DA:92,0
DA:95,0
DA:99,10
DA:103,0
DA:106,0
DA:110,0
DA:113,0
DA:116,0
DA:119,0
DA:120,0
DA:121,0
DA:126,0
DA:127,0
DA:128,0
DA:133,0
DA:134,0
DA:135,0
LF:48
LH:5
BRDA:63,0,0,0
BRDA:63,0,1,0
BRDA:70,1,0,0
BRDA:70,1,1,0
BRDA:77,2,0,0
BRDA:77,2,1,0
BRDA:120,3,0,0
BRDA:120,3,1,0
BRDA:127,4,0,0
BRDA:127,4,1,0
BRDA:134,5,0,0
BRDA:134,5,1,0
BRF:12
BRH:0
end_of_record
TN:
SF:F:\JavaProgs\temp\Vuemmerce\src\validators.js
FN:1,isValidEmail
FNF:1
FNH:0
FNDA:0,isValidEmail
DA:2,0
DA:3,0
LF:2
LH:0
BRF:0
BRH:0
end_of_record
TN:
SF:F:\JavaProgs\temp\Vuemmerce\src\components\Breadcrumbs.vue
FN:25,(anonymous_1)
FNF:1
FNH:0
FNDA:0,(anonymous_1)
DA:26,0
LF:1
LH:0
BRF:0
BRH:0
end_of_record
TN:
SF:F:\JavaProgs\temp\Vuemmerce\src\components\Products.vue
FNF:0
FNH:0
DA:94,0
DA:106,0
DA:107,0
DA:110,0
DA:111,0
DA:117,0
DA:123,0
DA:127,0
DA:128,0
DA:131,0
DA:135,0
DA:136,0
DA:139,0
DA:141,0
DA:142,0
DA:144,0
DA:148,0
DA:151,0
DA:155,0
LF:19
LH:0
BRDA:110,0,0,0
BRDA:110,0,1,0
BRDA:141,1,0,0
BRDA:141,1,1,0
BRF:4
BRH:0
end_of_record
TN:
SF:F:\JavaProgs\temp\Vuemmerce\src\components\cart_detail\CartDetail.vue
FN:65,(anonymous_1)
FNF:1
FNH:0
FNDA:0,(anonymous_1)
DA:57,2
DA:62,0
DA:65,0
DA:72,0
DA:73,0
DA:76,0
DA:79,0
DA:82,0
LF:8
LH:1
BRF:0
BRH:0
end_of_record
TN:
SF:F:\JavaProgs\temp\Vuemmerce\src\components\categories\Categories.vue
FNF:0
FNH:0
DA:42,0
LF:1
LH:0
BRF:0
BRH:0
end_of_record
TN:
SF:F:\JavaProgs\temp\Vuemmerce\src\components\categories\CategoriesListContainer.vue
FNF:0
FNH:0
DA:13,2
DA:23,0
DA:30,0
LF:3
LH:1
BRF:0
BRH:0
end_of_record
TN:
SF:F:\JavaProgs\temp\Vuemmerce\src\components\categories\CategoryProducts.vue
FN:44,(anonymous_1)
FNF:1
FNH:0
FNDA:0,(anonymous_1)
DA:16,2
DA:17,2
DA:34,0
DA:41,0
DA:44,0
DA:47,0
LF:6
LH:2
BRF:0
BRH:0
end_of_record
TN:
SF:F:\JavaProgs\temp\Vuemmerce\src\components\header\Header.vue
FNF:0
FNH:0
DA:63,0
DA:64,0
DA:70,0
DA:82,0
DA:93,0
LF:5
LH:0
BRF:0
BRH:0
end_of_record
TN:
SF:F:\JavaProgs\temp\Vuemmerce\src\components\homepage\Homepage.vue
FNF:0
FNH:0
DA:9,2
DA:10,2
LF:2
LH:2
BRF:0
BRH:0
end_of_record
TN:
SF:F:\JavaProgs\temp\Vuemmerce\src\components\menu\Menu.vue
FNF:0
FNH:0
DA:44,0
DA:54,0
DA:57,0
DA:59,0
DA:60,0
DA:62,0
DA:69,0
DA:70,0
DA:71,0
DA:74,0
DA:77,0
DA:80,0
LF:12
LH:0
BRDA:59,0,0,0
BRDA:59,0,1,0
BRF:2
BRH:0
end_of_record
TN:
SF:F:\JavaProgs\temp\Vuemmerce\src\components\modal\Checkout.vue
FN:57,(anonymous_1)
FN:66,(anonymous_2)
FNF:2
FNH:0
FNDA:0,(anonymous_1)
FNDA:0,(anonymous_2)
DA:33,0
DA:44,0
DA:47,0
DA:50,0
DA:57,0
DA:59,0
DA:60,0
DA:63,0
DA:66,0
DA:68,0
DA:69,0
DA:71,0
DA:73,0
DA:76,0
DA:82,0
DA:85,0
DA:86,0
DA:87,0
DA:90,0
DA:91,0
DA:92,0
DA:93,0
DA:95,0
DA:96,0
DA:97,0
DA:100,0
LF:26
LH:0
BRDA:59,0,0,0
BRDA:59,0,1,0
BRDA:68,1,0,0
BRDA:68,1,1,0
BRDA:90,2,0,0
BRDA:90,2,1,0
BRF:6
BRH:0
end_of_record
TN:
SF:F:\JavaProgs\temp\Vuemmerce\src\components\modal\Login.vue
FNF:0
FNH:0
DA:71,0
DA:77,0
DA:96,0
DA:99,0
DA:100,0
DA:102,0
DA:109,0
DA:112,0
DA:114,0
DA:115,0
DA:116,0
DA:117,0
DA:118,0
DA:121,0
DA:122,0
DA:124,0
DA:125,0
DA:128,0
DA:131,0
DA:132,0
DA:134,0
DA:138,0
DA:139,0
DA:141,0
DA:143,0
DA:144,0
DA:149,0
DA:150,0
DA:152,0
LF:29
LH:0
BRDA:99,0,0,0
BRDA:99,0,1,0
BRDA:114,1,0,0
BRDA:114,1,1,0
BRDA:114,2,0,0
BRDA:114,2,1,0
BRDA:121,3,0,0
BRDA:121,3,1,0
BRDA:124,4,0,0
BRDA:124,4,1,0
BRDA:124,5,0,0
BRDA:124,5,1,0
BRDA:131,6,0,0
BRDA:131,6,1,0
BRDA:138,7,0,0
BRDA:138,7,1,0
BRDA:138,8,0,0
BRDA:138,8,1,0
BRDA:143,9,0,0
BRDA:143,9,1,0
BRDA:149,10,0,0
BRDA:149,10,1,0
BRF:22
BRH:0
end_of_record
TN:
SF:F:\JavaProgs\temp\Vuemmerce\src\components\modal\Registration.vue
FNF:0
FNH:0
DA:106,0
DA:112,0
DA:140,0
DA:143,0
DA:144,0
DA:146,0
DA:153,0
DA:156,0
DA:158,0
DA:159,0
DA:160,0
DA:161,0
DA:162,0
DA:163,0
DA:164,0
DA:167,0
DA:168,0
DA:170,0
DA:173,0
DA:174,0
DA:176,0
DA:177,0
DA:180,0
DA:183,0
DA:184,0
DA:186,0
DA:189,0
DA:190,0
DA:192,0
DA:196,0
DA:197,0
DA:199,0
DA:203,0
DA:204,0
DA:206,0
DA:208,0
DA:209,0
DA:214,0
DA:215,0
DA:217,0
DA:218,0
DA:220,0
DA:223,0
DA:227,0
DA:228,0
DA:229,0
DA:231,0
DA:234,0
LF:48
LH:0
BRDA:143,0,0,0
BRDA:143,0,1,0
BRDA:158,1,0,0
BRDA:158,1,1,0
BRDA:158,2,0,0
BRDA:158,2,1,0
BRDA:158,2,2,0
BRDA:158,2,3,0
BRDA:167,3,0,0
BRDA:167,3,1,0
BRDA:173,4,0,0
BRDA:173,4,1,0
BRDA:176,5,0,0
BRDA:176,5,1,0
BRDA:176,6,0,0
BRDA:176,6,1,0
BRDA:183,7,0,0
BRDA:183,7,1,0
BRDA:189,8,0,0
BRDA:189,8,1,0
BRDA:196,9,0,0
BRDA:196,9,1,0
BRDA:203,10,0,0
BRDA:203,10,1,0
BRDA:203,11,0,0
BRDA:203,11,1,0
BRDA:208,12,0,0
BRDA:208,12,1,0
BRDA:214,13,0,0
BRDA:214,13,1,0
BRDA:217,14,0,0
BRDA:217,14,1,0
BRDA:227,15,0,0
BRDA:227,15,1,0
BRDA:228,16,0,0
BRDA:228,16,1,0
BRF:36
BRH:0
end_of_record
TN:
SF:F:\JavaProgs\temp\Vuemmerce\src\components\order_page\CityAutocomplete.vue
FN:12,(anonymous_1)
FN:21,(anonymous_2)
FNF:2
FNH:0
FNDA:0,(anonymous_1)
FNDA:0,(anonymous_2)
DA:13,0
DA:20,0
DA:21,0
LF:3
LH:0
BRF:0
BRH:0
end_of_record
TN:
SF:F:\JavaProgs\temp\Vuemmerce\src\components\order_page\CustomStepper.vue
FN:36,(anonymous_1)
FNF:1
FNH:0
FNDA:0,(anonymous_1)
DA:37,0
LF:1
LH:0
BRF:0
BRH:0
end_of_record
TN:
SF:F:\JavaProgs\temp\Vuemmerce\src\components\order_page\OrderPage.vue
FN:123,(anonymous_1)
FN:124,(anonymous_2)
FN:127,(anonymous_3)
FN:134,(anonymous_4)
FNF:4
FNH:0
FNDA:0,(anonymous_1)
FNDA:0,(anonymous_2)
FNDA:0,(anonymous_3)
FNDA:0,(anonymous_4)
DA:95,2
DA:96,2
DA:97,2
DA:98,2
DA:108,0
DA:124,0
DA:125,0
DA:128,0
DA:129,0
DA:130,0
DA:135,0
DA:136,0
DA:137,0
DA:138,0
DA:140,0
DA:143,0
LF:16
LH:4
BRDA:125,0,0,0
BRDA:125,0,1,0
BRDA:135,1,0,0
BRDA:135,1,1,0
BRDA:136,2,0,0
BRDA:136,2,1,0
BRDA:137,3,0,0
BRDA:137,3,1,0
BRDA:138,4,0,0
BRDA:138,4,1,0
BRF:10
BRH:0
end_of_record
TN:
SF:F:\JavaProgs\temp\Vuemmerce\src\components\product_detail\ProductDetail.vue
FNF:0
FNH:0
DA:79,2
DA:86,0
DA:98,0
DA:99,0
DA:101,0
DA:102,0
DA:108,0
DA:111,0
DA:114,0
DA:138,0
DA:142,0
DA:143,0
DA:146,0
DA:150,0
DA:151,0
DA:154,0
DA:158,0
DA:161,0
DA:163,0
DA:164,0
DA:166,0
DA:170,0
LF:22
LH:1
BRDA:120,0,0,0
BRDA:120,0,1,0
BRDA:124,1,0,0
BRDA:124,1,1,0
BRDA:163,2,0,0
BRDA:163,2,1,0
BRF:6
BRH:0
end_of_record
TN:
SF:F:\JavaProgs\temp\Vuemmerce\src\components\products_list\ProductsListContainer.vue
FNF:0
FNH:0
DA:13,0
DA:14,0
DA:24,0
DA:33,0
LF:4
LH:0
BRF:0
BRH:0
end_of_record
TN:
SF:F:\JavaProgs\temp\Vuemmerce\src\components\search\Search.vue
FNF:0
FNH:0
DA:20,1
DA:25,2
DA:33,4
DA:36,0
DA:41,4
DA:44,0
DA:53,1
DA:54,1
DA:55,1
LF:9
LH:7
BRF:0
BRH:0
end_of_record
TN:
SF:F:\JavaProgs\temp\Vuemmerce\src\components\search_results\SearchResults.vue
FN:47,(anonymous_1)
FNF:1
FNH:1
FNDA:405,(anonymous_1)
DA:17,2
DA:18,2
DA:19,2
DA:30,4
DA:41,31
DA:44,31
DA:47,45
DA:48,405
DA:49,405
DA:53,31
DA:59,31
DA:62,31
LF:12
LH:12
BRDA:49,0,0,405
BRDA:49,0,1,128
BRDA:49,0,2,277
BRDA:49,0,3,210
BRDA:60,1,0,20
BRDA:60,1,1,11
BRF:6
BRH:6
end_of_record
TN:
SF:F:\JavaProgs\temp\Vuemmerce\src\components\user\WishlistContainer.vue
FNF:0
FNH:0
DA:16,2
DA:17,2
DA:22,0
DA:34,0
DA:35,0
DA:37,0
DA:44,0
DA:47,0
LF:8
LH:2
BRDA:34,0,0,0
BRDA:34,0,1,0
BRF:2
BRH:0
end_of_record
